---
  0 debug pnpm:package-json: 
    initial: 
      name: "my-app"
      version: "0.1.0"
      private: true
      scripts: 
        dev: "next dev --turbopack"
        build: "next build"
        start: "next start"
        lint: "next lint"
      dependencies: 
        @elastic/charts: "^70.0.0"
        @heroui/react: "^2.7.6"
        @tailwindcss/cli: "^4.1.3"
        framer-motion: "^12.6.3"
        next: "15.2.4"
        react: "^19.0.0"
        react-dom: "^19.0.0"
      devDependencies: 
        @tailwindcss/postcss: "^4"
        @types/node: "^20"
        @types/react: "^19"
        @types/react-dom: "^19"
        prettier: "3.5.3"
        tailwindcss: "^4.1.3"
        typescript: "^5"
      readme: "# LiteWebNest\r\n\r\n\r\n"
      readmeFilename: "README.md"
      gitHead: "a9eaf985027bdfd9184d86e25a87c01f4362ca83"
      description: ""
      _id: "my-app@0.1.0"
